<?xml version="1.0" encoding="UTF-8"?>
<!-- Generated by org.testng.reporters.JUnitReportReporter -->
<testsuite hostname="IN-IT0605" name="stepDefinition.TestNGRunner" tests="1" failures="0" timestamp="16 Oct 2017 11:18:48 GMT" time="85.115" errors="0">
  <testcase name="feature" time="85.115" classname="stepDefinition.TestNGRunner"/>
</testsuite> <!-- stepDefinition.TestNGRunner -->
