<?xml version="1.0" encoding="UTF-8"?>
<!-- Generated by org.testng.reporters.JUnitReportReporter -->
<testsuite skipped="0" hostname="IN-IT0693" name="com.pageobject.Login_StarMeUp" tests="1" failures="0" timestamp="22 Nov 2017 13:42:07 GMT" time="18.053" errors="0">
  <testcase name="makeLogin" time="18.053" classname="com.pageobject.Login_StarMeUp"/>
</testsuite> <!-- com.pageobject.Login_StarMeUp -->
