<?xml version="1.0" encoding="UTF-8"?>
<!-- Generated by org.testng.reporters.JUnitReportReporter -->
<testsuite skipped="0" hostname="IN-IT0693" name="com.pageobject.HomePage_StarMeUp" tests="1" failures="0" timestamp="22 Nov 2017 06:07:32 GMT" time="43.597" errors="0">
  <testcase name="first" time="43.597" classname="com.pageobject.HomePage_StarMeUp"/>
</testsuite> <!-- com.pageobject.HomePage_StarMeUp -->
