<?xml version="1.0" encoding="UTF-8"?>
<!-- Generated by org.testng.reporters.JUnitReportReporter -->
<testsuite skipped="0" hostname="IN-IT0693" name="com.data.ExcelToDataProvider" tests="5" failures="0" timestamp="08 Dec 2017 09:02:37 GMT" time="0.021" errors="0">
  <testcase name="fillUserForm" time="0.010" classname="com.data.ExcelToDataProvider"/>
  <testcase name="fillUserForm" time="0.002" classname="com.data.ExcelToDataProvider"/>
  <testcase name="fillUserForm" time="0.002" classname="com.data.ExcelToDataProvider"/>
  <testcase name="fillUserForm" time="0.003" classname="com.data.ExcelToDataProvider"/>
  <testcase name="fillUserForm" time="0.004" classname="com.data.ExcelToDataProvider"/>
</testsuite> <!-- com.data.ExcelToDataProvider -->
