<?xml version="1.0" encoding="UTF-8"?>
<!-- Generated by org.testng.reporters.JUnitReportReporter -->
<testsuite skipped="0" hostname="IN-IT0693" name="com.starmeup.scripts.TopStars" tests="1" failures="0" timestamp="07 Dec 2017 09:25:02 GMT" time="5.712" errors="0">
  <testcase name="topStarsFunctionality" time="5.712" classname="com.starmeup.scripts.TopStars"/>
</testsuite> <!-- com.starmeup.scripts.TopStars -->
