<?xml version="1.0" encoding="UTF-8"?>
<!-- Generated by org.testng.reporters.JUnitReportReporter -->
<testsuite name="testScripts.TopStars" tests="1" time="7.050" ignored="0" failures="0" timestamp="07 Dec 2017 19:01:57 GMT" skipped="0" hostname="IN-IT0693" errors="0">
  <testcase name="topStarsFunctionality" time="7.050" classname="testScripts.TopStars"/>
</testsuite> <!-- testScripts.TopStars -->
