<?xml version="1.0" encoding="UTF-8"?>
<!-- Generated by org.testng.reporters.JUnitReportReporter -->
<testsuite name="dataExternal.ExcelToDataProvider" tests="5" time="0.031" ignored="0" failures="0" timestamp="08 Dec 2017 11:46:46 GMT" skipped="0" hostname="IN-IT0693" errors="0">
  <testcase name="fillUserForm" time="0.026" classname="dataExternal.ExcelToDataProvider"/>
  <testcase name="fillUserForm" time="0.001" classname="dataExternal.ExcelToDataProvider"/>
  <testcase name="fillUserForm" time="0.002" classname="dataExternal.ExcelToDataProvider"/>
  <testcase name="fillUserForm" time="0.001" classname="dataExternal.ExcelToDataProvider"/>
  <testcase name="fillUserForm" time="0.001" classname="dataExternal.ExcelToDataProvider"/>
</testsuite> <!-- dataExternal.ExcelToDataProvider -->
