<?xml version="1.0" encoding="UTF-8"?>
<!-- Generated by org.testng.reporters.JUnitReportReporter -->
<testsuite skipped="0" hostname="IN-IT0693" name="com.pm.tests.newParticipation.NewParticipationTestSuite" tests="1" failures="0" timestamp="22 Dec 2017 09:45:45 GMT" time="18.432" errors="0">
  <testcase name="EA_1004" time="18.432" classname="com.pm.tests.newParticipation.NewParticipationTestSuite"/>
</testsuite> <!-- com.pm.tests.newParticipation.NewParticipationTestSuite -->
