<?xml version="1.0" encoding="UTF-8"?>
<!-- Generated by org.testng.reporters.JUnitReportReporter -->
<testsuite skipped="0" hostname="IN-IT0693" name="com.pm.tests.newParticipation.DemoClassSelenium" tests="1" failures="0" timestamp="29 Dec 2017 06:52:51 GMT" time="26.537" errors="0">
  <testcase name="EA_1004" time="26.537" classname="com.pm.tests.newParticipation.DemoClassSelenium"/>
</testsuite> <!-- com.pm.tests.newParticipation.DemoClassSelenium -->
