<?xml version="1.0" encoding="UTF-8"?>
<!-- Generated by org.testng.reporters.JUnitReportReporter -->
<testsuite skipped="0" hostname="IN-IT0693" name="com.test.pack.Class_test" tests="3" failures="0" timestamp="26 Oct 2017 06:32:47 GMT" time="40.057" errors="0">
  <testcase name="testGroupTest" time="11.562" classname="com.test.pack.Class_test"/>
  <testcase name="runSecondTest" time="14.201" classname="com.test.pack.Class_test"/>
  <testcase name="dofirst" time="14.294" classname="com.test.pack.Class_test"/>
</testsuite> <!-- com.test.pack.Class_test -->
