<?xml version="1.0" encoding="UTF-8"?>
<!-- Generated by org.testng.reporters.JUnitReportReporter -->
<testsuite skipped="0" hostname="IN-IT0693" name="pageObjects.Login_StarMeUp" tests="1" failures="0" timestamp="22 Nov 2017 11:55:16 GMT" time="11.220" errors="0">
  <testcase name="first" time="11.220" classname="pageObjects.Login_StarMeUp"/>
</testsuite> <!-- pageObjects.Login_StarMeUp -->
