<?xml version="1.0" encoding="UTF-8"?>
<!-- Generated by org.testng.reporters.JUnitReportReporter -->
<testsuite skipped="0" hostname="IN-IT0693" name="demoJenkins.JenkinsTest" tests="1" failures="0" timestamp="11 Dec 2017 11:05:04 GMT" time="0.017" errors="0">
  <testcase name="testJenkins" time="0.017" classname="demoJenkins.JenkinsTest"/>
</testsuite> <!-- demoJenkins.JenkinsTest -->
